2014-10-22T09:39:12+00:00 ERR (3): 
exception 'Mage_Core_Exception' with message 'Invalid block type: Mage_Searchboxpro_Block_List' in D:\xampp\htdocs\magento-demo\sm_viste\app\Mage.php:594
Stack trace:
#0 D:\xampp\htdocs\magento-demo\sm_viste\app\code\core\Mage\Core\Model\Layout.php(495): Mage::throwException('Invalid block t...')
#1 D:\xampp\htdocs\magento-demo\sm_viste\app\code\core\Mage\Core\Model\Layout.php(437): Mage_Core_Model_Layout->_getBlockInstance('searchboxpro/li...', Array)
#2 D:\xampp\htdocs\magento-demo\sm_viste\app\code\core\Mage\Core\Model\Layout.php(472): Mage_Core_Model_Layout->createBlock('searchboxpro/li...', 'searchbox')
#3 D:\xampp\htdocs\magento-demo\sm_viste\app\code\core\Mage\Core\Model\Layout.php(239): Mage_Core_Model_Layout->addBlock('searchboxpro/li...', 'searchbox')
#4 D:\xampp\htdocs\magento-demo\sm_viste\app\code\core\Mage\Core\Model\Layout.php(205): Mage_Core_Model_Layout->_generateBlock(Object(Mage_Core_Model_Layout_Element), Object(Mage_Core_Model_Layout_Element))
#5 D:\xampp\htdocs\magento-demo\sm_viste\app\code\core\Mage\Core\Model\Layout.php(206): Mage_Core_Model_Layout->generateBlocks(Object(Mage_Core_Model_Layout_Element))
#6 D:\xampp\htdocs\magento-demo\sm_viste\app\code\core\Mage\Core\Model\Layout.php(206): Mage_Core_Model_Layout->generateBlocks(Object(Mage_Core_Model_Layout_Element))
#7 D:\xampp\htdocs\magento-demo\sm_viste\app\code\core\Mage\Core\Controller\Varien\Action.php(344): Mage_Core_Model_Layout->generateBlocks()
#8 D:\xampp\htdocs\magento-demo\sm_viste\app\code\core\Mage\Cms\Helper\Page.php(113): Mage_Core_Controller_Varien_Action->generateLayoutBlocks()
#9 D:\xampp\htdocs\magento-demo\sm_viste\app\code\core\Mage\Cms\Helper\Page.php(52): Mage_Cms_Helper_Page->_renderPage(Object(Mage_Cms_IndexController), 'home')
#10 D:\xampp\htdocs\magento-demo\sm_viste\app\code\core\Mage\Cms\controllers\IndexController.php(45): Mage_Cms_Helper_Page->renderPage(Object(Mage_Cms_IndexController), 'home')
#11 D:\xampp\htdocs\magento-demo\sm_viste\app\code\core\Mage\Core\Controller\Varien\Action.php(418): Mage_Cms_IndexController->indexAction()
#12 D:\xampp\htdocs\magento-demo\sm_viste\app\code\core\Mage\Core\Controller\Varien\Router\Standard.php(250): Mage_Core_Controller_Varien_Action->dispatch('index')
#13 D:\xampp\htdocs\magento-demo\sm_viste\app\code\core\Mage\Core\Controller\Varien\Front.php(172): Mage_Core_Controller_Varien_Router_Standard->match(Object(Mage_Core_Controller_Request_Http))
#14 D:\xampp\htdocs\magento-demo\sm_viste\app\code\core\Mage\Core\Model\App.php(354): Mage_Core_Controller_Varien_Front->dispatch()
#15 D:\xampp\htdocs\magento-demo\sm_viste\app\Mage.php(683): Mage_Core_Model_App->run(Array)
#16 D:\xampp\htdocs\magento-demo\sm_viste\index.php(87): Mage::run('', 'store')
#17 {main}
2014-10-22T09:43:05+00:00 ERR (3): 
exception 'Mage_Core_Exception' with message 'Invalid block type: Mage_Searchboxpro_Block_List' in D:\xampp\htdocs\magento-demo\sm_viste\app\Mage.php:594
Stack trace:
#0 D:\xampp\htdocs\magento-demo\sm_viste\app\code\core\Mage\Core\Model\Layout.php(495): Mage::throwException('Invalid block t...')
#1 D:\xampp\htdocs\magento-demo\sm_viste\app\code\core\Mage\Core\Model\Layout.php(437): Mage_Core_Model_Layout->_getBlockInstance('searchboxpro/li...', Array)
#2 D:\xampp\htdocs\magento-demo\sm_viste\app\code\core\Mage\Core\Model\Layout.php(472): Mage_Core_Model_Layout->createBlock('searchboxpro/li...', 'searchbox')
#3 D:\xampp\htdocs\magento-demo\sm_viste\app\code\core\Mage\Core\Model\Layout.php(239): Mage_Core_Model_Layout->addBlock('searchboxpro/li...', 'searchbox')
#4 D:\xampp\htdocs\magento-demo\sm_viste\app\code\core\Mage\Core\Model\Layout.php(205): Mage_Core_Model_Layout->_generateBlock(Object(Mage_Core_Model_Layout_Element), Object(Mage_Core_Model_Layout_Element))
#5 D:\xampp\htdocs\magento-demo\sm_viste\app\code\core\Mage\Core\Model\Layout.php(206): Mage_Core_Model_Layout->generateBlocks(Object(Mage_Core_Model_Layout_Element))
#6 D:\xampp\htdocs\magento-demo\sm_viste\app\code\core\Mage\Core\Model\Layout.php(206): Mage_Core_Model_Layout->generateBlocks(Object(Mage_Core_Model_Layout_Element))
#7 D:\xampp\htdocs\magento-demo\sm_viste\app\code\core\Mage\Core\Controller\Varien\Action.php(344): Mage_Core_Model_Layout->generateBlocks()
#8 D:\xampp\htdocs\magento-demo\sm_viste\app\code\core\Mage\Core\Controller\Varien\Action.php(269): Mage_Core_Controller_Varien_Action->generateLayoutBlocks()
#9 D:\xampp\htdocs\magento-demo\sm_viste\app\code\core\Mage\Checkout\controllers\OnepageController.php(212): Mage_Core_Controller_Varien_Action->loadLayout()
#10 D:\xampp\htdocs\magento-demo\sm_viste\app\code\core\Mage\Core\Controller\Varien\Action.php(418): Mage_Checkout_OnepageController->indexAction()
#11 D:\xampp\htdocs\magento-demo\sm_viste\app\code\core\Mage\Core\Controller\Varien\Router\Standard.php(250): Mage_Core_Controller_Varien_Action->dispatch('index')
#12 D:\xampp\htdocs\magento-demo\sm_viste\app\code\core\Mage\Core\Controller\Varien\Front.php(172): Mage_Core_Controller_Varien_Router_Standard->match(Object(Mage_Core_Controller_Request_Http))
#13 D:\xampp\htdocs\magento-demo\sm_viste\app\code\core\Mage\Core\Model\App.php(354): Mage_Core_Controller_Varien_Front->dispatch()
#14 D:\xampp\htdocs\magento-demo\sm_viste\app\Mage.php(683): Mage_Core_Model_App->run(Array)
#15 D:\xampp\htdocs\magento-demo\sm_viste\index.php(87): Mage::run('', 'store')
#16 {main}
2014-10-22T09:43:45+00:00 ERR (3): 
exception 'Mage_Core_Exception' with message 'Invalid block type: Mage_Searchboxpro_Block_List' in D:\xampp\htdocs\magento-demo\sm_viste\app\Mage.php:594
Stack trace:
#0 D:\xampp\htdocs\magento-demo\sm_viste\app\code\core\Mage\Core\Model\Layout.php(495): Mage::throwException('Invalid block t...')
#1 D:\xampp\htdocs\magento-demo\sm_viste\app\code\core\Mage\Core\Model\Layout.php(437): Mage_Core_Model_Layout->_getBlockInstance('searchboxpro/li...', Array)
#2 D:\xampp\htdocs\magento-demo\sm_viste\app\code\core\Mage\Core\Model\Layout.php(472): Mage_Core_Model_Layout->createBlock('searchboxpro/li...', 'searchbox')
#3 D:\xampp\htdocs\magento-demo\sm_viste\app\code\core\Mage\Core\Model\Layout.php(239): Mage_Core_Model_Layout->addBlock('searchboxpro/li...', 'searchbox')
#4 D:\xampp\htdocs\magento-demo\sm_viste\app\code\core\Mage\Core\Model\Layout.php(205): Mage_Core_Model_Layout->_generateBlock(Object(Mage_Core_Model_Layout_Element), Object(Mage_Core_Model_Layout_Element))
#5 D:\xampp\htdocs\magento-demo\sm_viste\app\code\core\Mage\Core\Model\Layout.php(206): Mage_Core_Model_Layout->generateBlocks(Object(Mage_Core_Model_Layout_Element))
#6 D:\xampp\htdocs\magento-demo\sm_viste\app\code\core\Mage\Core\Model\Layout.php(206): Mage_Core_Model_Layout->generateBlocks(Object(Mage_Core_Model_Layout_Element))
#7 D:\xampp\htdocs\magento-demo\sm_viste\app\code\core\Mage\Core\Controller\Varien\Action.php(344): Mage_Core_Model_Layout->generateBlocks()
#8 D:\xampp\htdocs\magento-demo\sm_viste\app\code\core\Mage\Catalog\controllers\CategoryController.php(148): Mage_Core_Controller_Varien_Action->generateLayoutBlocks()
#9 D:\xampp\htdocs\magento-demo\sm_viste\app\code\core\Mage\Core\Controller\Varien\Action.php(418): Mage_Catalog_CategoryController->viewAction()
#10 D:\xampp\htdocs\magento-demo\sm_viste\app\code\core\Mage\Core\Controller\Varien\Router\Standard.php(250): Mage_Core_Controller_Varien_Action->dispatch('view')
#11 D:\xampp\htdocs\magento-demo\sm_viste\app\code\core\Mage\Core\Controller\Varien\Front.php(172): Mage_Core_Controller_Varien_Router_Standard->match(Object(Mage_Core_Controller_Request_Http))
#12 D:\xampp\htdocs\magento-demo\sm_viste\app\code\core\Mage\Core\Model\App.php(354): Mage_Core_Controller_Varien_Front->dispatch()
#13 D:\xampp\htdocs\magento-demo\sm_viste\app\Mage.php(683): Mage_Core_Model_App->run(Array)
#14 D:\xampp\htdocs\magento-demo\sm_viste\index.php(87): Mage::run('', 'store')
#15 {main}
2014-10-29T06:58:22+00:00 ERR (3): 
exception 'Mage_Core_Exception' with message 'Invalid block type: Mage_Searchboxpro_Block_List' in D:\xampp\htdocs\magento-demo\sm_viste\app\Mage.php:594
Stack trace:
#0 D:\xampp\htdocs\magento-demo\sm_viste\app\code\core\Mage\Core\Model\Layout.php(495): Mage::throwException('Invalid block t...')
#1 D:\xampp\htdocs\magento-demo\sm_viste\app\code\core\Mage\Core\Model\Layout.php(437): Mage_Core_Model_Layout->_getBlockInstance('searchboxpro/li...', Array)
#2 D:\xampp\htdocs\magento-demo\sm_viste\app\code\core\Mage\Core\Model\Layout.php(472): Mage_Core_Model_Layout->createBlock('searchboxpro/li...', 'searchbox')
#3 D:\xampp\htdocs\magento-demo\sm_viste\app\code\core\Mage\Core\Model\Layout.php(239): Mage_Core_Model_Layout->addBlock('searchboxpro/li...', 'searchbox')
#4 D:\xampp\htdocs\magento-demo\sm_viste\app\code\core\Mage\Core\Model\Layout.php(205): Mage_Core_Model_Layout->_generateBlock(Object(Mage_Core_Model_Layout_Element), Object(Mage_Core_Model_Layout_Element))
#5 D:\xampp\htdocs\magento-demo\sm_viste\app\code\core\Mage\Core\Model\Layout.php(206): Mage_Core_Model_Layout->generateBlocks(Object(Mage_Core_Model_Layout_Element))
#6 D:\xampp\htdocs\magento-demo\sm_viste\app\code\core\Mage\Core\Model\Layout.php(206): Mage_Core_Model_Layout->generateBlocks(Object(Mage_Core_Model_Layout_Element))
#7 D:\xampp\htdocs\magento-demo\sm_viste\app\code\core\Mage\Core\Controller\Varien\Action.php(344): Mage_Core_Model_Layout->generateBlocks()
#8 D:\xampp\htdocs\magento-demo\sm_viste\app\code\core\Mage\Cms\Helper\Page.php(113): Mage_Core_Controller_Varien_Action->generateLayoutBlocks()
#9 D:\xampp\htdocs\magento-demo\sm_viste\app\code\core\Mage\Cms\Helper\Page.php(52): Mage_Cms_Helper_Page->_renderPage(Object(Mage_Cms_IndexController), 'home')
#10 D:\xampp\htdocs\magento-demo\sm_viste\app\code\core\Mage\Cms\controllers\IndexController.php(45): Mage_Cms_Helper_Page->renderPage(Object(Mage_Cms_IndexController), 'home')
#11 D:\xampp\htdocs\magento-demo\sm_viste\app\code\core\Mage\Core\Controller\Varien\Action.php(418): Mage_Cms_IndexController->indexAction()
#12 D:\xampp\htdocs\magento-demo\sm_viste\app\code\core\Mage\Core\Controller\Varien\Router\Standard.php(250): Mage_Core_Controller_Varien_Action->dispatch('index')
#13 D:\xampp\htdocs\magento-demo\sm_viste\app\code\core\Mage\Core\Controller\Varien\Front.php(172): Mage_Core_Controller_Varien_Router_Standard->match(Object(Mage_Core_Controller_Request_Http))
#14 D:\xampp\htdocs\magento-demo\sm_viste\app\code\core\Mage\Core\Model\App.php(354): Mage_Core_Controller_Varien_Front->dispatch()
#15 D:\xampp\htdocs\magento-demo\sm_viste\app\Mage.php(683): Mage_Core_Model_App->run(Array)
#16 D:\xampp\htdocs\magento-demo\sm_viste\index.php(87): Mage::run('', 'store')
#17 {main}
2014-10-29T07:55:20+00:00 ERR (3): 
exception 'Mage_Core_Exception' with message 'Invalid block type: Mage_Searchboxpro_Block_List' in D:\xampp\htdocs\magento-demo\sm_viste\app\Mage.php:594
Stack trace:
#0 D:\xampp\htdocs\magento-demo\sm_viste\app\code\core\Mage\Core\Model\Layout.php(495): Mage::throwException('Invalid block t...')
#1 D:\xampp\htdocs\magento-demo\sm_viste\app\code\core\Mage\Core\Model\Layout.php(437): Mage_Core_Model_Layout->_getBlockInstance('searchboxpro/li...', Array)
#2 D:\xampp\htdocs\magento-demo\sm_viste\app\code\core\Mage\Core\Model\Layout.php(472): Mage_Core_Model_Layout->createBlock('searchboxpro/li...', 'searchbox')
#3 D:\xampp\htdocs\magento-demo\sm_viste\app\code\core\Mage\Core\Model\Layout.php(239): Mage_Core_Model_Layout->addBlock('searchboxpro/li...', 'searchbox')
#4 D:\xampp\htdocs\magento-demo\sm_viste\app\code\core\Mage\Core\Model\Layout.php(205): Mage_Core_Model_Layout->_generateBlock(Object(Mage_Core_Model_Layout_Element), Object(Mage_Core_Model_Layout_Element))
#5 D:\xampp\htdocs\magento-demo\sm_viste\app\code\core\Mage\Core\Model\Layout.php(206): Mage_Core_Model_Layout->generateBlocks(Object(Mage_Core_Model_Layout_Element))
#6 D:\xampp\htdocs\magento-demo\sm_viste\app\code\core\Mage\Core\Model\Layout.php(206): Mage_Core_Model_Layout->generateBlocks(Object(Mage_Core_Model_Layout_Element))
#7 D:\xampp\htdocs\magento-demo\sm_viste\app\code\core\Mage\Core\Controller\Varien\Action.php(344): Mage_Core_Model_Layout->generateBlocks()
#8 D:\xampp\htdocs\magento-demo\sm_viste\app\code\core\Mage\Cms\Helper\Page.php(113): Mage_Core_Controller_Varien_Action->generateLayoutBlocks()
#9 D:\xampp\htdocs\magento-demo\sm_viste\app\code\core\Mage\Cms\Helper\Page.php(52): Mage_Cms_Helper_Page->_renderPage(Object(Mage_Cms_IndexController), 'home')
#10 D:\xampp\htdocs\magento-demo\sm_viste\app\code\core\Mage\Cms\controllers\IndexController.php(45): Mage_Cms_Helper_Page->renderPage(Object(Mage_Cms_IndexController), 'home')
#11 D:\xampp\htdocs\magento-demo\sm_viste\app\code\core\Mage\Core\Controller\Varien\Action.php(418): Mage_Cms_IndexController->indexAction()
#12 D:\xampp\htdocs\magento-demo\sm_viste\app\code\core\Mage\Core\Controller\Varien\Router\Standard.php(250): Mage_Core_Controller_Varien_Action->dispatch('index')
#13 D:\xampp\htdocs\magento-demo\sm_viste\app\code\core\Mage\Core\Controller\Varien\Front.php(172): Mage_Core_Controller_Varien_Router_Standard->match(Object(Mage_Core_Controller_Request_Http))
#14 D:\xampp\htdocs\magento-demo\sm_viste\app\code\core\Mage\Core\Model\App.php(354): Mage_Core_Controller_Varien_Front->dispatch()
#15 D:\xampp\htdocs\magento-demo\sm_viste\app\Mage.php(683): Mage_Core_Model_App->run(Array)
#16 D:\xampp\htdocs\magento-demo\sm_viste\index.php(87): Mage::run('', 'store')
#17 {main}
2014-10-29T07:57:05+00:00 ERR (3): 
exception 'Mage_Core_Exception' with message 'Invalid block type: Mage_Searchboxpro_Block_List' in D:\xampp\htdocs\magento-demo\sm_viste\app\Mage.php:594
Stack trace:
#0 D:\xampp\htdocs\magento-demo\sm_viste\app\code\core\Mage\Core\Model\Layout.php(495): Mage::throwException('Invalid block t...')
#1 D:\xampp\htdocs\magento-demo\sm_viste\app\code\core\Mage\Core\Model\Layout.php(437): Mage_Core_Model_Layout->_getBlockInstance('searchboxpro/li...', Array)
#2 D:\xampp\htdocs\magento-demo\sm_viste\app\code\core\Mage\Core\Model\Layout.php(472): Mage_Core_Model_Layout->createBlock('searchboxpro/li...', 'searchbox')
#3 D:\xampp\htdocs\magento-demo\sm_viste\app\code\core\Mage\Core\Model\Layout.php(239): Mage_Core_Model_Layout->addBlock('searchboxpro/li...', 'searchbox')
#4 D:\xampp\htdocs\magento-demo\sm_viste\app\code\core\Mage\Core\Model\Layout.php(205): Mage_Core_Model_Layout->_generateBlock(Object(Mage_Core_Model_Layout_Element), Object(Mage_Core_Model_Layout_Element))
#5 D:\xampp\htdocs\magento-demo\sm_viste\app\code\core\Mage\Core\Model\Layout.php(206): Mage_Core_Model_Layout->generateBlocks(Object(Mage_Core_Model_Layout_Element))
#6 D:\xampp\htdocs\magento-demo\sm_viste\app\code\core\Mage\Core\Model\Layout.php(206): Mage_Core_Model_Layout->generateBlocks(Object(Mage_Core_Model_Layout_Element))
#7 D:\xampp\htdocs\magento-demo\sm_viste\app\code\core\Mage\Core\Controller\Varien\Action.php(344): Mage_Core_Model_Layout->generateBlocks()
#8 D:\xampp\htdocs\magento-demo\sm_viste\app\code\core\Mage\Catalog\controllers\CategoryController.php(148): Mage_Core_Controller_Varien_Action->generateLayoutBlocks()
#9 D:\xampp\htdocs\magento-demo\sm_viste\app\code\core\Mage\Core\Controller\Varien\Action.php(418): Mage_Catalog_CategoryController->viewAction()
#10 D:\xampp\htdocs\magento-demo\sm_viste\app\code\core\Mage\Core\Controller\Varien\Router\Standard.php(250): Mage_Core_Controller_Varien_Action->dispatch('view')
#11 D:\xampp\htdocs\magento-demo\sm_viste\app\code\core\Mage\Core\Controller\Varien\Front.php(172): Mage_Core_Controller_Varien_Router_Standard->match(Object(Mage_Core_Controller_Request_Http))
#12 D:\xampp\htdocs\magento-demo\sm_viste\app\code\core\Mage\Core\Model\App.php(354): Mage_Core_Controller_Varien_Front->dispatch()
#13 D:\xampp\htdocs\magento-demo\sm_viste\app\Mage.php(683): Mage_Core_Model_App->run(Array)
#14 D:\xampp\htdocs\magento-demo\sm_viste\index.php(87): Mage::run('', 'store')
#15 {main}
2014-12-24T07:29:05+00:00 ERR (3): 
exception 'Mage_Core_Exception' with message 'Invalid block type: Mage_Searchboxpro_Block_List' in D:\xampp\htdocs\magento-demo\sm_viste\app\Mage.php:594
Stack trace:
#0 D:\xampp\htdocs\magento-demo\sm_viste\app\code\core\Mage\Core\Model\Layout.php(495): Mage::throwException('Invalid block t...')
#1 D:\xampp\htdocs\magento-demo\sm_viste\app\code\core\Mage\Core\Model\Layout.php(437): Mage_Core_Model_Layout->_getBlockInstance('searchboxpro/li...', Array)
#2 D:\xampp\htdocs\magento-demo\sm_viste\app\code\core\Mage\Core\Model\Layout.php(472): Mage_Core_Model_Layout->createBlock('searchboxpro/li...', 'searchbox')
#3 D:\xampp\htdocs\magento-demo\sm_viste\app\code\core\Mage\Core\Model\Layout.php(239): Mage_Core_Model_Layout->addBlock('searchboxpro/li...', 'searchbox')
#4 D:\xampp\htdocs\magento-demo\sm_viste\app\code\core\Mage\Core\Model\Layout.php(205): Mage_Core_Model_Layout->_generateBlock(Object(Mage_Core_Model_Layout_Element), Object(Mage_Core_Model_Layout_Element))
#5 D:\xampp\htdocs\magento-demo\sm_viste\app\code\core\Mage\Core\Model\Layout.php(206): Mage_Core_Model_Layout->generateBlocks(Object(Mage_Core_Model_Layout_Element))
#6 D:\xampp\htdocs\magento-demo\sm_viste\app\code\core\Mage\Core\Model\Layout.php(206): Mage_Core_Model_Layout->generateBlocks(Object(Mage_Core_Model_Layout_Element))
#7 D:\xampp\htdocs\magento-demo\sm_viste\app\code\core\Mage\Core\Controller\Varien\Action.php(344): Mage_Core_Model_Layout->generateBlocks()
#8 D:\xampp\htdocs\magento-demo\sm_viste\app\code\core\Mage\Cms\Helper\Page.php(113): Mage_Core_Controller_Varien_Action->generateLayoutBlocks()
#9 D:\xampp\htdocs\magento-demo\sm_viste\app\code\core\Mage\Cms\Helper\Page.php(52): Mage_Cms_Helper_Page->_renderPage(Object(Mage_Cms_IndexController), 'home')
#10 D:\xampp\htdocs\magento-demo\sm_viste\app\code\core\Mage\Cms\controllers\IndexController.php(45): Mage_Cms_Helper_Page->renderPage(Object(Mage_Cms_IndexController), 'home')
#11 D:\xampp\htdocs\magento-demo\sm_viste\app\code\core\Mage\Core\Controller\Varien\Action.php(418): Mage_Cms_IndexController->indexAction()
#12 D:\xampp\htdocs\magento-demo\sm_viste\app\code\core\Mage\Core\Controller\Varien\Router\Standard.php(250): Mage_Core_Controller_Varien_Action->dispatch('index')
#13 D:\xampp\htdocs\magento-demo\sm_viste\app\code\core\Mage\Core\Controller\Varien\Front.php(172): Mage_Core_Controller_Varien_Router_Standard->match(Object(Mage_Core_Controller_Request_Http))
#14 D:\xampp\htdocs\magento-demo\sm_viste\app\code\core\Mage\Core\Model\App.php(354): Mage_Core_Controller_Varien_Front->dispatch()
#15 D:\xampp\htdocs\magento-demo\sm_viste\app\Mage.php(683): Mage_Core_Model_App->run(Array)
#16 D:\xampp\htdocs\magento-demo\sm_viste\index.php(87): Mage::run('', 'store')
#17 {main}
